<?xml version="1.0" encoding="UTF-8"?>
<testng-results skipped="0" failed="1" ignored="1" total="5" passed="3">
  <reporter-output>
  </reporter-output>
  <suite name="Default suite" duration-ms="11345" started-at="2022-12-14T21:15:39 IST" finished-at="2022-12-14T21:15:50 IST">
    <groups>
    </groups>
    <test name="Default test" duration-ms="11345" started-at="2022-12-14T21:15:39 IST" finished-at="2022-12-14T21:15:50 IST">
      <class name="tests.LoginPageTest">
        <test-method status="PASS" signature="setup()[pri:0, instance:tests.LoginPageTest@2a742aa2]" name="setup" is-config="true" duration-ms="4041" started-at="2022-12-14T21:15:39 IST" finished-at="2022-12-14T21:15:43 IST">
          <reporter-output>
          </reporter-output>
        </test-method> <!-- setup -->
        <test-method status="PASS" signature="loginPageNavigationTestWithExcel(java.lang.String,java.lang.String)[pri:0, instance:tests.LoginPageTest@2a742aa2]" name="loginPageNavigationTestWithExcel" duration-ms="457" started-at="2022-12-14T21:15:44 IST" data-provider="logindata" finished-at="2022-12-14T21:15:44 IST">
          <params>
            <param index="0">
              <value>
                <![CDATA[standard_user]]>
              </value>
            </param>
            <param index="1">
              <value>
                <![CDATA[secret_sauce]]>
              </value>
            </param>
          </params>
          <reporter-output>
          </reporter-output>
        </test-method> <!-- loginPageNavigationTestWithExcel -->
        <test-method status="FAIL" signature="loginPageNavigationTestWithExcel(java.lang.String,java.lang.String)[pri:0, instance:tests.LoginPageTest@2a742aa2]" name="loginPageNavigationTestWithExcel" duration-ms="329" started-at="2022-12-14T21:15:44 IST" data-provider="logindata" finished-at="2022-12-14T21:15:44 IST">
          <params>
            <param index="0">
              <value>
                <![CDATA[locked_out_user]]>
              </value>
            </param>
            <param index="1">
              <value>
                <![CDATA[secret_sauce]]>
              </value>
            </param>
          </params>
          <exception class="java.lang.AssertionError">
            <message>
              <![CDATA[expected [true] but found [false]]]>
            </message>
            <full-stacktrace>
              <![CDATA[java.lang.AssertionError: expected [true] but found [false]
at org.testng.Assert.fail(Assert.java:99)
at org.testng.Assert.failNotEquals(Assert.java:1037)
at org.testng.Assert.assertTrue(Assert.java:45)
at org.testng.Assert.assertTrue(Assert.java:55)
at tests.LoginPageTest.loginPageNavigationTestWithExcel(LoginPageTest.java:41)
at sun.reflect.NativeMethodAccessorImpl.invoke0(Native Method)
at sun.reflect.NativeMethodAccessorImpl.invoke(NativeMethodAccessorImpl.java:62)
at sun.reflect.DelegatingMethodAccessorImpl.invoke(DelegatingMethodAccessorImpl.java:43)
at java.lang.reflect.Method.invoke(Method.java:498)
at org.testng.internal.MethodInvocationHelper.invokeMethod(MethodInvocationHelper.java:133)
at org.testng.internal.TestInvoker.invokeMethod(TestInvoker.java:598)
at org.testng.internal.TestInvoker.invokeTestMethod(TestInvoker.java:173)
at org.testng.internal.MethodRunner.runInSequence(MethodRunner.java:46)
at org.testng.internal.TestInvoker$MethodInvocationAgent.invoke(TestInvoker.java:824)
at org.testng.internal.TestInvoker.invokeTestMethods(TestInvoker.java:146)
at org.testng.internal.TestMethodWorker.invokeTestMethods(TestMethodWorker.java:146)
at org.testng.internal.TestMethodWorker.run(TestMethodWorker.java:128)
at java.util.ArrayList.forEach(ArrayList.java:1259)
at org.testng.TestRunner.privateRun(TestRunner.java:794)
at org.testng.TestRunner.run(TestRunner.java:596)
at org.testng.SuiteRunner.runTest(SuiteRunner.java:377)
at org.testng.SuiteRunner.runSequentially(SuiteRunner.java:371)
at org.testng.SuiteRunner.privateRun(SuiteRunner.java:332)
at org.testng.SuiteRunner.run(SuiteRunner.java:276)
at org.testng.SuiteRunnerWorker.runSuite(SuiteRunnerWorker.java:53)
at org.testng.SuiteRunnerWorker.run(SuiteRunnerWorker.java:96)
at org.testng.TestNG.runSuitesSequentially(TestNG.java:1212)
at org.testng.TestNG.runSuitesLocally(TestNG.java:1134)
at org.testng.TestNG.runSuites(TestNG.java:1063)
at org.testng.TestNG.run(TestNG.java:1031)
at org.testng.remote.AbstractRemoteTestNG.run(AbstractRemoteTestNG.java:115)
at org.testng.remote.RemoteTestNG.initAndRun(RemoteTestNG.java:251)
at org.testng.remote.RemoteTestNG.main(RemoteTestNG.java:77)
]]>
            </full-stacktrace>
          </exception> <!-- java.lang.AssertionError -->
          <reporter-output>
          </reporter-output>
        </test-method> <!-- loginPageNavigationTestWithExcel -->
        <test-method status="PASS" signature="loginPageNavigationTestWithExcel(java.lang.String,java.lang.String)[pri:0, instance:tests.LoginPageTest@2a742aa2]" name="loginPageNavigationTestWithExcel" duration-ms="212" started-at="2022-12-14T21:15:44 IST" data-provider="logindata" finished-at="2022-12-14T21:15:45 IST">
          <params>
            <param index="0">
              <value>
                <![CDATA[problem_user]]>
              </value>
            </param>
            <param index="1">
              <value>
                <![CDATA[secret_sauce]]>
              </value>
            </param>
          </params>
          <reporter-output>
          </reporter-output>
        </test-method> <!-- loginPageNavigationTestWithExcel -->
        <test-method status="PASS" signature="loginPageNavigationTestWithExcel(java.lang.String,java.lang.String)[pri:0, instance:tests.LoginPageTest@2a742aa2]" name="loginPageNavigationTestWithExcel" duration-ms="5234" started-at="2022-12-14T21:15:45 IST" data-provider="logindata" finished-at="2022-12-14T21:15:50 IST">
          <params>
            <param index="0">
              <value>
                <![CDATA[performance_glitch_user]]>
              </value>
            </param>
            <param index="1">
              <value>
                <![CDATA[secret_sauce]]>
              </value>
            </param>
          </params>
          <reporter-output>
          </reporter-output>
        </test-method> <!-- loginPageNavigationTestWithExcel -->
        <test-method status="PASS" signature="tearDown()[pri:0, instance:tests.LoginPageTest@2a742aa2]" name="tearDown" is-config="true" duration-ms="235" started-at="2022-12-14T21:15:50 IST" finished-at="2022-12-14T21:15:50 IST">
          <reporter-output>
          </reporter-output>
        </test-method> <!-- tearDown -->
      </class> <!-- tests.LoginPageTest -->
    </test> <!-- Default test -->
  </suite> <!-- Default suite -->
</testng-results>
